<?xml version="1.0" encoding="UTF-8"?>
<!-- Generated by org.testng.reporters.JUnitXMLReporter -->
<testsuite ignored="0" hostname="LAPTOP-TJSOCBU4" failures="0" tests="4" name="Submit Order Test" time="81.351" errors="0" timestamp="2024-10-27T21:03:57 IST">
  <testcase classname="Automation.tests.SubmitOrdderTest" name="submitOrder" time="24.663"/>
  <testcase classname="Automation.tests.SubmitOrdderTest" name="submitOrder" time="2.263">
    <skipped/>
  </testcase> <!-- submitOrder -->
  <testcase classname="Automation.tests.SubmitOrdderTest" name="submitOrder" time="18.617"/>
  <testcase classname="Automation.tests.SubmitOrdderTest" name="OrderHistoryTest" time="0.912"/>
</testsuite> <!-- Submit Order Test -->
