<?xml version="1.0" encoding="UTF-8"?>
<!-- Generated by org.testng.reporters.JUnitXMLReporter -->
<testsuite ignored="0" hostname="LAPTOP-TJSOCBU4" failures="0" tests="3" name="Submit Order Test" time="58.342" errors="0" timestamp="2024-11-02T11:34:33 IST">
  <testcase classname="Automation.tests.SubmitOrdderTest" name="submitOrder" time="16.141"/>
  <testcase classname="Automation.tests.SubmitOrdderTest" name="submitOrder" time="15.807"/>
  <testcase classname="Automation.tests.SubmitOrdderTest" name="OrderHistoryTest" time="0.619"/>
</testsuite> <!-- Submit Order Test -->
